0 info it worked if it ends with ok
1 verbose cli [ 'E:\\nodejs\\node.exe',
1 verbose cli   'E:\\nodejs\\node_modules\\npm\\bin\\npm-cli.js',
1 verbose cli   'install',
1 verbose cli   'vue' ]
2 info using npm@4.1.2
3 info using node@v7.6.0
4 silly loadCurrentTree Starting
5 silly install loadCurrentTree
6 silly install readLocalPackageData
7 silly fetchPackageMetaData vue@^1.0.26
8 silly fetchNamedPackageData vue
9 silly mapToRegistry name vue
10 silly mapToRegistry using default registry
11 silly mapToRegistry registry https://registry.npmjs.org/
12 silly mapToRegistry data Result {
12 silly mapToRegistry   raw: 'vue',
12 silly mapToRegistry   scope: null,
12 silly mapToRegistry   escapedName: 'vue',
12 silly mapToRegistry   name: 'vue',
12 silly mapToRegistry   rawSpec: '',
12 silly mapToRegistry   spec: 'latest',
12 silly mapToRegistry   type: 'tag' }
13 silly mapToRegistry uri https://registry.npmjs.org/vue
14 verbose request uri https://registry.npmjs.org/vue
15 verbose request no auth needed
16 info attempt registry request try #1 at 15:30:10
17 verbose request id 8682f3bfde1e2aac
18 verbose etag W/"58f18966-79d32"
19 verbose lastModified Sat, 15 Apr 2017 02:45:58 GMT
20 http request GET https://registry.npmjs.org/vue
21 verbose stack Error: kill ENOSYS
21 verbose stack     at exports._errnoException (util.js:1028:11)
21 verbose stack     at process.kill (internal/process.js:173:13)
21 verbose stack     at process.listener (E:\nodejs\node_modules\npm\node_modules\npmlog\node_modules\gauge\node_modules\signal-exit\index.js:95:15)
21 verbose stack     at emitNone (events.js:86:13)
21 verbose stack     at process.emit (events.js:186:7)
21 verbose stack     at processEmit (E:\nodejs\node_modules\npm\node_modules\npmlog\node_modules\gauge\node_modules\signal-exit\index.js:155:32)
21 verbose stack     at Signal.wrap.onsignal (internal/process.js:200:44)
22 verbose cwd F:\myWeb\VueStudy
23 error Windows_NT 10.0.14393
24 error argv "E:\\nodejs\\node.exe" "E:\\nodejs\\node_modules\\npm\\bin\\npm-cli.js" "install" "vue"
25 error node v7.6.0
26 error npm  v4.1.2
27 error code ENOSYS
28 error errno ENOSYS
29 error syscall kill
30 error kill ENOSYS
31 error If you need help, you may report this error at:
31 error     <https://github.com/npm/npm/issues>
32 verbose exit [ 1, true ]
